<?xml version="1.0" encoding="UTF-8"?>
<!-- Generated by org.testng.reporters.JUnitXMLReporter -->
<testsuite hostname="DESKTOP-BDCNG4O" ignored="0" name="Test" tests="1" failures="1" timestamp="27 Nov 2020 16:41:03 GMT" time="12.3" errors="0">
  <testcase name="LoginTest" time="4.758" classname="com.inetbanking.testcases.Tc_LoginTest">
    <failure type="java.lang.AssertionError" message="expected [true] but found [false]">
      <![CDATA[java.lang.AssertionError: expected [true] but found [false]
at com.inetbanking.testcases.Tc_LoginTest.LoginTest(Tc_LoginTest.java:25)
... Removed 32 stack frames]]>
    </failure>
  </testcase> <!-- LoginTest -->
</testsuite> <!-- Test -->
